<?xml version="1.0" encoding="UTF-8"?>
<!-- Generated by org.testng.reporters.JUnitXMLReporter -->
<testsuite ignored="0" hostname="DESKTOP-42M8LB2" failures="0" tests="5" name="Test" time="124.875" errors="0" timestamp="2022-05-01T15:47:41 IST">
  <testcase classname="test.LoginTest" name="loginTest" time="6.123"/>
  <testcase classname="test.LoginTest" name="loginTest" time="11.558"/>
  <testcase classname="test.TwoTest" name="twoTest" time="26.629"/>
  <testcase classname="test.ThreeTest" name="threeTest" time="13.574"/>
  <testcase classname="test.FourTest" name="fourTest" time="15.456"/>
</testsuite> <!-- Test -->
