<?xml version="1.0" encoding="UTF-8"?>
<!-- Generated by org.testng.reporters.JUnitXMLReporter -->
<testsuite ignored="0" hostname="DESKTOP-42M8LB2" failures="0" tests="5" name="Test" time="54.256" errors="0" timestamp="2022-04-30T23:32:48 IST">
  <testcase classname="test.LoginTest" name="loginTest" time="6.257"/>
  <testcase classname="test.LoginTest" name="loginTest" time="11.816"/>
  <testcase classname="test.TwoTest" name="twoTest" time="0.0"/>
  <testcase classname="test.ThreeTest" name="threeTest" time="0.001"/>
  <testcase classname="test.FourTest" name="fourTest" time="0.0"/>
</testsuite> <!-- Test -->
